<?xml version="1.0" encoding="UTF-8"?>
<testsuites name="Employees" time="0.327" tests="0" failures="0" errors="0">
   <testsuite name="Employees" tests="0" failures="0" errors="0" time="0.327" timestamp="2020-08-30 12:12:41" hostname="dexa - 192.168.0.29" id="Test Suites/Employees">
      <properties>
         <property name="deviceName" value=""/>
         <property name="devicePlatform" value=""/>
         <property name="logFolder" value="/Users/dexa/Katalon Studio/Asignement_Doctrin/Reports/20200830_121200/Employees/20200830_121200"/>
         <property name="logFiles" value="/Users/dexa/Katalon Studio/Asignement_Doctrin/Reports/20200830_121200/Employees/20200830_121200/execution0.log"/>
         <property name="attachments" value=""/>
         <property name="hostName" value="dexa - 192.168.0.29"/>
         <property name="hostAddress" value="192.168.0.29"/>
         <property name="os" value="Mac OS X 64bit"/>
         <property name="katalonVersion" value="7.6.6.205"/>
      </properties>
      <system-out><![CDATA[2020-08-30 12:12:41 - [TEST_SUITE][PASSED] - Employees: null]]></system-out>
      <system-err><![CDATA[]]></system-err>
   </testsuite>
</testsuites>
